<?xml version="1.0" encoding="UTF-8"?>
<testsuite name="hobbiedo.member.MemberApplicationTests" tests="1" skipped="0" failures="0" errors="0" timestamp="2024-05-17T07:57:52" hostname="iseonjuui-noteubug.local" time="0.278">
  <properties/>
  <testcase name="contextLoads()" classname="hobbiedo.member.MemberApplicationTests" time="0.278"/>
  <system-out><![CDATA[16:57:49.854 [Test worker] INFO org.springframework.test.context.support.AnnotationConfigContextLoaderUtils -- Could not detect default configuration classes for test class [hobbiedo.member.MemberApplicationTests]: MemberApplicationTests does not declare any static, non-private, non-final, nested classes annotated with @Configuration.
16:57:49.928 [Test worker] INFO org.springframework.boot.test.context.SpringBootTestContextBootstrapper -- Found @SpringBootConfiguration hobbiedo.member.MemberApplication for test class hobbiedo.member.MemberApplicationTests

  .   ____          _            __ _ _
 /\\ / ___'_ __ _ _(_)_ __  __ _ \ \ \ \
( ( )\___ | '_ | '_| | '_ \/ _` | \ \ \ \
 \\/  ___)| |_)| | | | | || (_| |  ) ) ) )
  '  |____| .__|_| |_|_| |_\__, | / / / /
 =========|_|==============|___/=/_/_/_/
 :: Spring Boot ::                (v3.2.5)

2024-05-17T16:57:50.179+09:00  INFO 19440 --- [member-service] [    Test worker] hobbiedo.member.MemberApplicationTests   : Starting MemberApplicationTests using Java 21.0.1 with PID 19440 (started by seonju in /Users/seonju/Documents/sparos/2nd_project/do-backend-member)
2024-05-17T16:57:50.181+09:00  INFO 19440 --- [member-service] [    Test worker] hobbiedo.member.MemberApplicationTests   : No active profile set, falling back to 1 default profile: "local"
2024-05-17T16:57:50.721+09:00  INFO 19440 --- [member-service] [    Test worker] .s.d.r.c.RepositoryConfigurationDelegate : Bootstrapping Spring Data JPA repositories in DEFAULT mode.
2024-05-17T16:57:50.760+09:00  INFO 19440 --- [member-service] [    Test worker] .s.d.r.c.RepositoryConfigurationDelegate : Finished Spring Data repository scanning in 34 ms. Found 2 JPA repository interfaces.
2024-05-17T16:57:51.074+09:00  INFO 19440 --- [member-service] [    Test worker] o.hibernate.jpa.internal.util.LogHelper  : HHH000204: Processing PersistenceUnitInfo [name: default]
2024-05-17T16:57:51.101+09:00  INFO 19440 --- [member-service] [    Test worker] org.hibernate.Version                    : HHH000412: Hibernate ORM core version 6.4.4.Final
2024-05-17T16:57:51.115+09:00  INFO 19440 --- [member-service] [    Test worker] o.h.c.internal.RegionFactoryInitiator    : HHH000026: Second-level cache disabled
2024-05-17T16:57:51.193+09:00  INFO 19440 --- [member-service] [    Test worker] o.s.o.j.p.SpringPersistenceUnitInfo      : No LoadTimeWeaver setup: ignoring JPA class transformer
2024-05-17T16:57:51.203+09:00  INFO 19440 --- [member-service] [    Test worker] com.zaxxer.hikari.HikariDataSource       : HikariPool-1 - Starting...
2024-05-17T16:57:51.358+09:00  INFO 19440 --- [member-service] [    Test worker] com.zaxxer.hikari.pool.HikariPool        : HikariPool-1 - Added connection com.mysql.cj.jdbc.ConnectionImpl@6bfdaa7a
2024-05-17T16:57:51.359+09:00  INFO 19440 --- [member-service] [    Test worker] com.zaxxer.hikari.HikariDataSource       : HikariPool-1 - Start completed.
2024-05-17T16:57:51.379+09:00  WARN 19440 --- [member-service] [    Test worker] org.hibernate.orm.deprecation            : HHH90000025: MySQLDialect does not need to be specified explicitly using 'hibernate.dialect' (remove the property setting and it will be selected by default)
2024-05-17T16:57:51.705+09:00  INFO 19440 --- [member-service] [    Test worker] o.h.e.t.j.p.i.JtaPlatformInitiator       : HHH000489: No JTA platform available (set 'hibernate.transaction.jta.platform' to enable JTA platform integration)
2024-05-17T16:57:51.706+09:00  INFO 19440 --- [member-service] [    Test worker] j.LocalContainerEntityManagerFactoryBean : Initialized JPA EntityManagerFactory for persistence unit 'default'
2024-05-17T16:57:51.915+09:00  WARN 19440 --- [member-service] [    Test worker] JpaBaseConfiguration$JpaWebConfiguration : spring.jpa.open-in-view is enabled by default. Therefore, database queries may be performed during view rendering. Explicitly configure spring.jpa.open-in-view to disable this warning
2024-05-17T16:57:52.429+09:00  INFO 19440 --- [member-service] [    Test worker] hobbiedo.member.MemberApplicationTests   : Started MemberApplicationTests in 2.417 seconds (process running for 3.083)
]]></system-out>
  <system-err><![CDATA[WARNING: A Java agent has been loaded dynamically (/Users/seonju/.gradle/caches/modules-2/files-2.1/net.bytebuddy/byte-buddy-agent/1.14.13/979ce25f7d3096a2e82214ba7dc972a05ce7a171/byte-buddy-agent-1.14.13.jar)
WARNING: If a serviceability tool is in use, please run with -XX:+EnableDynamicAgentLoading to hide this warning
WARNING: If a serviceability tool is not in use, please run with -Djdk.instrument.traceUsage for more information
WARNING: Dynamic loading of agents will be disallowed by default in a future release
]]></system-err>
</testsuite>
